Skip blib/lib/Devel/Loaded.pm (unchanged)
cp pods blib/script/pods
/usr/bin/perl.exe -MExtUtils::MY -e 'MY->fixin(shift)' -- blib/script/pods
cp pmvers blib/script/pmvers
/usr/bin/perl.exe -MExtUtils::MY -e 'MY->fixin(shift)' -- blib/script/pmvers
cp modpods blib/script/modpods
/usr/bin/perl.exe -MExtUtils::MY -e 'MY->fixin(shift)' -- blib/script/modpods
cp pmcheck blib/script/pmcheck
/usr/bin/perl.exe -MExtUtils::MY -e 'MY->fixin(shift)' -- blib/script/pmcheck
cp pman blib/script/pman
/usr/bin/perl.exe -MExtUtils::MY -e 'MY->fixin(shift)' -- blib/script/pman
cp pmall blib/script/pmall
/usr/bin/perl.exe -MExtUtils::MY -e 'MY->fixin(shift)' -- blib/script/pmall
cp pmpath blib/script/pmpath
/usr/bin/perl.exe -MExtUtils::MY -e 'MY->fixin(shift)' -- blib/script/pmpath
cp pmls blib/script/pmls
/usr/bin/perl.exe -MExtUtils::MY -e 'MY->fixin(shift)' -- blib/script/pmls
cp pmdirs blib/script/pmdirs
/usr/bin/perl.exe -MExtUtils::MY -e 'MY->fixin(shift)' -- blib/script/pmdirs
cp sitepods blib/script/sitepods
/usr/bin/perl.exe -MExtUtils::MY -e 'MY->fixin(shift)' -- blib/script/sitepods
cp pfcat blib/script/pfcat
/usr/bin/perl.exe -MExtUtils::MY -e 'MY->fixin(shift)' -- blib/script/pfcat
cp basepods blib/script/basepods
/usr/bin/perl.exe -MExtUtils::MY -e 'MY->fixin(shift)' -- blib/script/basepods
cp stdpods blib/script/stdpods
/usr/bin/perl.exe -MExtUtils::MY -e 'MY->fixin(shift)' -- blib/script/stdpods
cp podtoc blib/script/podtoc
/usr/bin/perl.exe -MExtUtils::MY -e 'MY->fixin(shift)' -- blib/script/podtoc
cp pmfunc blib/script/pmfunc
/usr/bin/perl.exe -MExtUtils::MY -e 'MY->fixin(shift)' -- blib/script/pmfunc
cp pmload blib/script/pmload
/usr/bin/perl.exe -MExtUtils::MY -e 'MY->fixin(shift)' -- blib/script/pmload
cp pmcat blib/script/pmcat
/usr/bin/perl.exe -MExtUtils::MY -e 'MY->fixin(shift)' -- blib/script/pmcat
cp podpath blib/script/podpath
/usr/bin/perl.exe -MExtUtils::MY -e 'MY->fixin(shift)' -- blib/script/podpath
cp plxload blib/script/plxload
/usr/bin/perl.exe -MExtUtils::MY -e 'MY->fixin(shift)' -- blib/script/plxload
cp faqpods blib/script/faqpods
/usr/bin/perl.exe -MExtUtils::MY -e 'MY->fixin(shift)' -- blib/script/faqpods
cp pmdesc blib/script/pmdesc
/usr/bin/perl.exe -MExtUtils::MY -e 'MY->fixin(shift)' -- blib/script/pmdesc
cp pmeth blib/script/pmeth
/usr/bin/perl.exe -MExtUtils::MY -e 'MY->fixin(shift)' -- blib/script/pmeth
cp podgrep blib/script/podgrep
/usr/bin/perl.exe -MExtUtils::MY -e 'MY->fixin(shift)' -- blib/script/podgrep
cp pmexp blib/script/pmexp
/usr/bin/perl.exe -MExtUtils::MY -e 'MY->fixin(shift)' -- blib/script/pmexp
cp pminst blib/script/pminst
/usr/bin/perl.exe -MExtUtils::MY -e 'MY->fixin(shift)' -- blib/script/pminst
Manifying blib/man1/pods.1
Manifying blib/man1/pmvers.1
Manifying blib/man1/modpods.1
Manifying blib/man1/pmcheck.1
Manifying blib/man1/pman.1
Manifying blib/man1/pmall.1
Manifying blib/man1/pmpath.1
Manifying blib/man1/pmls.1
Manifying blib/man1/pmdirs.1
Manifying blib/man1/sitepods.1
Manifying blib/man1/pfcat.1
Manifying blib/man1/basepods.1
Manifying blib/man1/stdpods.1
Manifying blib/man1/podtoc.1
Manifying blib/man1/pmfunc.1
Manifying blib/man1/pmload.1
Manifying blib/man1/pmcat.1
Manifying blib/man1/podpath.1
Manifying blib/man1/plxload.1
Manifying blib/man1/faqpods.1
Manifying blib/man1/pmdesc.1
Manifying blib/man1/pmeth.1
Manifying blib/man1/podgrep.1
Manifying blib/man1/pmexp.1
Manifying blib/man1/pminst.1
Manifying blib/man3/Devel.Loaded.3pm
